<?xml version="1.0" encoding="UTF-8"?>
<!-- Generated by org.testng.reporters.JUnitReportReporter -->
<testsuite skipped="0" hostname="dazhuanjiadeMacBook-Air-3.local" name="blockchain.Test_Auth" tests="1" failures="0" timestamp="17 一月 2018 05:54:01 GMT" time="2.419" errors="0">
  <testcase name="test_AuthenticationFactory" time="2.419" classname="blockchain.Test_Auth"/>
</testsuite> <!-- blockchain.Test_Auth -->
